<?xml version="1.0" encoding="UTF-8"?>
<!-- Generated by org.testng.reporters.JUnitXMLReporter -->
<testsuite ignored="2" hostname="Sarawat" failures="0" tests="0" time="0.02" errors="0" timestamp="2023-10-19T22:41:51 EDT">
  <testcase classname="com.facebook.loginTests.LoginTest" name="loginTest1" time="0.0">
    <ignored/>
  </testcase> <!-- loginTest1 -->
  <testcase classname="com.facebook.loginTests.LoginTest" name="loginTest" time="0.0">
    <ignored/>
  </testcase> <!-- loginTest -->
</testsuite>
