<?xml version="1.0" encoding="UTF-8"?>
<!-- Generated by org.testng.reporters.JUnitXMLReporter -->
<testsuite ignored="0" hostname="Sarawat" failures="2" tests="4" name="Registration Test" time="21.609" errors="0" timestamp="2023-10-23T23:07:23 EDT">
  <testcase classname="com.facebook.registrationTests.RegistrationTest" name="faruqRegistrationTest" time="2.786"/>
  <testcase classname="com.facebook.registrationTests.RegistrationTest" name="fabihaRegistrationTest" time="2.001">
    <failure type="java.lang.AssertionError" message="expected [Facebook - log in or sign up] but found [heelooo]">
      <![CDATA[java.lang.AssertionError: expected [Facebook - log in or sign up] but found [heelooo]
at com.facebook.registrationTests.RegistrationTest.fabihaRegistrationTest(RegistrationTest.java:58)
at java.base/java.util.ArrayList.forEach(ArrayList.java:1511)
... Removed 31 stack frames]]>
    </failure>
  </testcase> <!-- fabihaRegistrationTest -->
  <testcase classname="com.facebook.registrationTests.RegistrationTest" name="testSkipped" time="0.0">
    <skipped/>
  </testcase> <!-- testSkipped -->
  <testcase classname="com.facebook.registrationTests.RegistrationTest2" name="faizaRegistrationTest" time="0.432">
    <failure type="java.lang.IllegalArgumentException" message="Keys to send should be a not null CharSequence">
      <![CDATA[java.lang.IllegalArgumentException: Keys to send should be a not null CharSequence
at org.openqa.selenium.remote.RemoteWebElement.sendKeys(RemoteWebElement.java:97)
at org.openqa.selenium.support.pagefactory.internal.LocatingElementHandler.invoke(LocatingElementHandler.java:51)
at jdk.proxy2/jdk.proxy2.$Proxy17.sendKeys(Unknown Source)
at com.facebook.registrationPages.RegistrationPage.firstNameField(RegistrationPage.java:32)
at com.facebook.registrationTests.RegistrationTest2.faizaRegistrationTest(RegistrationTest2.java:28)
at java.base/java.util.ArrayList.forEach(ArrayList.java:1511)
... Removed 27 stack frames]]>
    </failure>
  </testcase> <!-- faizaRegistrationTest -->
</testsuite> <!-- Registration Test -->
