<?xml version="1.0" encoding="UTF-8"?>
<!-- Generated by org.testng.reporters.JUnitXMLReporter -->
<testsuite ignored="0" hostname="Sarawat" failures="0" tests="3" name="Default test" time="3.414" errors="0" timestamp="2023-10-22T23:22:34 EDT">
  <testcase classname="com.facebook.loginTests.LoginFunctionalTest" name="userNameTest" time="0.107"/>
  <testcase classname="com.facebook.loginTests.LoginFunctionalTest" name="passwordTest" time="0.091"/>
  <testcase classname="com.facebook.loginTests.LoginFunctionalTest" name="loginButtonTest" time="0.065"/>
</testsuite> <!-- Default test -->
